[12:58:49] [ServerMain/INFO]: Environment: authHost='https://authserver.mojang.com', accountsHost='https://api.mojang.com', sessionHost='https://sessionserver.mojang.com', servicesHost='https://api.minecraftservices.com', name='PROD'
[12:58:50] [ServerMain/INFO]: Reloading ResourceManager: Default, bukkit
[12:58:51] [Worker-Main-2/INFO]: Loaded 7 recipes
[12:58:54] [Server thread/INFO]: Starting minecraft server version 1.18.1
[12:58:54] [Server thread/INFO]: Loading properties
[12:58:55] [Server thread/INFO]: This server is running Paper version git-Paper-215 (MC: 1.18.1) (Implementing API version 1.18.1-R0.1-SNAPSHOT) (Git: 7f65b0b)
[12:58:55] [Server thread/INFO]: Using 4 threads for Netty based IO
[12:58:55] [Server thread/INFO]: Server Ping Player Sample Count: 12
[12:58:55] [Server thread/INFO]: Default game type: SURVIVAL
[12:58:55] [Server thread/INFO]: Generating keypair
[12:58:55] [Server thread/INFO]: Starting Minecraft server on *:25565
[12:58:55] [Server thread/INFO]: Using default channel type
[12:58:55] [Server thread/INFO]: Paper: Using Java 11 compression from Velocity.
[12:58:55] [Server thread/INFO]: Paper: Using Java cipher from Velocity.
[12:58:56] [Server thread/ERROR]: Could not load 'plugins\SunderiaSkyblock-1.0-SNAPSHOT-all.jar' in folder 'plugins'
org.bukkit.plugin.InvalidPluginException: Unsupported API version 1.18.1
	at org.bukkit.craftbukkit.v1_18_R1.util.CraftMagicNumbers.checkSupported(CraftMagicNumbers.java:372) ~[paper-1.18.1.jar:git-Paper-215]
	at org.bukkit.plugin.java.JavaPluginLoader.loadPlugin(JavaPluginLoader.java:149) ~[paper-api-1.18.1-R0.1-SNAPSHOT.jar:?]
	at org.bukkit.plugin.SimplePluginManager.loadPlugin(SimplePluginManager.java:415) ~[paper-api-1.18.1-R0.1-SNAPSHOT.jar:?]
	at org.bukkit.plugin.SimplePluginManager.loadPlugins(SimplePluginManager.java:323) ~[paper-api-1.18.1-R0.1-SNAPSHOT.jar:?]
	at org.bukkit.craftbukkit.v1_18_R1.CraftServer.loadPlugins(CraftServer.java:420) ~[paper-1.18.1.jar:git-Paper-215]
	at net.minecraft.server.dedicated.DedicatedServer.initServer(DedicatedServer.java:285) ~[paper-1.18.1.jar:git-Paper-215]
	at net.minecraft.server.MinecraftServer.runServer(MinecraftServer.java:1211) ~[paper-1.18.1.jar:git-Paper-215]
	at net.minecraft.server.MinecraftServer.lambda$spin$0(MinecraftServer.java:317) ~[paper-1.18.1.jar:git-Paper-215]
	at java.lang.Thread.run(Thread.java:833) ~[?:?]
[12:58:56] [Server thread/INFO]: Server permissions file permissions.yml is empty, ignoring it
[12:58:56] [Server thread/INFO]: Preparing level "world"
[12:58:58] [Server thread/INFO]: Preparing start region for dimension minecraft:overworld
[12:58:58] [Server thread/INFO]: Time elapsed: 506 ms
[12:58:58] [Server thread/INFO]: Preparing start region for dimension minecraft:the_nether
[12:58:58] [Server thread/INFO]: Time elapsed: 157 ms
[12:58:58] [Server thread/INFO]: Preparing start region for dimension minecraft:the_end
[12:58:58] [Server thread/INFO]: Time elapsed: 147 ms
[12:58:59] [Server thread/INFO]: Running delayed init tasks
[12:58:59] [Server thread/INFO]: Done (4.174s)! For help, type "help"
[12:58:59] [Server thread/INFO]: Timings Reset
[13:02:12] [User Authenticator #1/INFO]: UUID of player NoaLeGeek68 is 78c6fb21-2dd7-457c-a469-1b937da75d61
[13:02:13] [Server thread/INFO]: NoaLeGeek68 joined the game
[13:02:13] [Server thread/INFO]: NoaLeGeek68[/127.0.0.1:55766] logged in with entity id 202 at ([world]144.1966136203202, 65.0, 83.56803745020909)
[13:03:30] [Server thread/INFO]: NoaLeGeek68 issued server command: /plugins
[13:03:39] [Server thread/INFO]: NoaLeGeek68 issued server command: /reload confirm
[13:03:39] [Server thread/INFO]: NoaLeGeek68: Please note that this command is not supported and may cause issues when using some plugins.
[13:03:39] [Server thread/INFO]: NoaLeGeek68: If you encounter any issues please use the /stop command to restart your server.
[13:03:39] [Server thread/INFO]: Using 4 threads for Netty based IO
[13:03:39] [Server thread/INFO]: Server Ping Player Sample Count: 12
[13:03:39] [Server thread/INFO]: Reloading ResourceManager: Default, bukkit
[13:03:40] [Server thread/WARN]: NoaLeGeek68 moved too quickly! -3.5099759490799016,-17.40971224237869,-4.474892405166017
[13:03:40] [Server thread/WARN]: NoaLeGeek68 moved too quickly! -3.571860563650148,-16.553125999550232,-4.389770459559244
[13:03:40] [Server thread/WARN]: NoaLeGeek68 moved too quickly! -3.572050748413645,-16.403189691953756,-4.389717906855523
[13:03:40] [Server thread/WARN]: NoaLeGeek68 moved too quickly! -3.572050748413645,-16.403189691953756,-4.389717906855523
[13:03:41] [Server thread/WARN]: NoaLeGeek68 moved too quickly! -3.5715282906544985,-16.553484239123733,-4.389849365738485
[13:03:41] [Server thread/WARN]: NoaLeGeek68 moved too quickly! -3.571838511629835,-16.4010655813551,-4.389767867549395
[13:03:41] [Server thread/WARN]: NoaLeGeek68 moved too quickly! -3.571398509496831,-16.552170292223053,-4.389881948338228
[13:03:41] [Server thread/WARN]: NoaLeGeek68 moved too quickly! -3.5719062973453646,-16.401753337870957,-4.389752393447225
[13:03:41] [Server thread/WARN]: NoaLeGeek68 moved too quickly! -3.5709511672859975,-16.54888288644304,-4.389993039453586
[13:03:41] [Server thread/WARN]: NoaLeGeek68 moved too quickly! -3.571607409645452,-16.39862332622846,-4.389826750671602
[13:03:41] [Server thread/WARN]: NoaLeGeek68 moved too quickly! -3.5710898575274967,-16.548432598704906,-4.390019431518738
[13:03:41] [Server thread/WARN]: NoaLeGeek68 moved too quickly! -3.571803748177132,-16.400692697469466,-4.389782286945419
[13:03:41] [Server thread/INFO]: Loaded 7 recipes
[13:03:41] [Server thread/WARN]: NoaLeGeek68 moved too quickly! -3.571121264412568,-16.548693050436256,-4.389960373683294
[13:03:41] [Server thread/WARN]: NoaLeGeek68 moved too quickly! -3.571803512420317,-16.400692697469466,-4.3897813929908125
[13:03:41] [Server thread/WARN]: NoaLeGeek68 moved too quickly! -3.5718110267985566,-16.400768304464123,-4.389780357320518
[13:03:42] [Server thread/WARN]: NoaLeGeek68 moved too quickly! -3.571158116049986,-16.54900954645443,-4.389953449347587
[13:03:42] [Server thread/WARN]: NoaLeGeek68 moved too quickly! -3.571803512420317,-16.400692697469466,-4.3897813929908125
[13:03:44] [Server thread/ERROR]: Could not load 'plugins\SunderiaSkyblock-1.0-SNAPSHOT-all.jar' in folder 'plugins'
org.bukkit.plugin.InvalidPluginException: Unsupported API version 1.18.1
	at org.bukkit.craftbukkit.v1_18_R1.util.CraftMagicNumbers.checkSupported(CraftMagicNumbers.java:372) ~[paper-1.18.1.jar:git-Paper-215]
	at org.bukkit.plugin.java.JavaPluginLoader.loadPlugin(JavaPluginLoader.java:149) ~[paper-api-1.18.1-R0.1-SNAPSHOT.jar:?]
	at org.bukkit.plugin.SimplePluginManager.loadPlugin(SimplePluginManager.java:415) ~[paper-api-1.18.1-R0.1-SNAPSHOT.jar:?]
	at org.bukkit.plugin.SimplePluginManager.loadPlugins(SimplePluginManager.java:323) ~[paper-api-1.18.1-R0.1-SNAPSHOT.jar:?]
	at org.bukkit.craftbukkit.v1_18_R1.CraftServer.loadPlugins(CraftServer.java:420) ~[paper-1.18.1.jar:git-Paper-215]
	at org.bukkit.craftbukkit.v1_18_R1.CraftServer.reload(CraftServer.java:1016) ~[paper-1.18.1.jar:git-Paper-215]
	at org.bukkit.Bukkit.reload(Bukkit.java:897) ~[paper-api-1.18.1-R0.1-SNAPSHOT.jar:?]
	at org.bukkit.command.defaults.ReloadCommand.execute(ReloadCommand.java:54) ~[paper-api-1.18.1-R0.1-SNAPSHOT.jar:?]
	at org.bukkit.command.SimpleCommandMap.dispatch(SimpleCommandMap.java:159) ~[paper-api-1.18.1-R0.1-SNAPSHOT.jar:?]
	at org.bukkit.craftbukkit.v1_18_R1.CraftServer.dispatchCommand(CraftServer.java:908) ~[paper-1.18.1.jar:git-Paper-215]
	at net.minecraft.server.network.ServerGamePacketListenerImpl.handleCommand(ServerGamePacketListenerImpl.java:2289) ~[?:?]
	at net.minecraft.server.network.ServerGamePacketListenerImpl.handleChat(ServerGamePacketListenerImpl.java:2100) ~[?:?]
	at net.minecraft.server.network.ServerGamePacketListenerImpl.handleChat(ServerGamePacketListenerImpl.java:2081) ~[?:?]
	at net.minecraft.network.protocol.game.ServerboundChatPacket.handle(ServerboundChatPacket.java:46) ~[?:?]
	at net.minecraft.network.protocol.game.ServerboundChatPacket.a(ServerboundChatPacket.java:6) ~[?:?]
	at net.minecraft.network.protocol.PacketUtils.lambda$ensureRunningOnSameThread$1(PacketUtils.java:56) ~[?:?]
	at net.minecraft.server.TickTask.run(TickTask.java:18) ~[paper-1.18.1.jar:git-Paper-215]
	at net.minecraft.util.thread.BlockableEventLoop.doRunTask(BlockableEventLoop.java:149) ~[?:?]
	at net.minecraft.util.thread.ReentrantBlockableEventLoop.doRunTask(ReentrantBlockableEventLoop.java:23) ~[?:?]
	at net.minecraft.server.MinecraftServer.doRunTask(MinecraftServer.java:1423) ~[paper-1.18.1.jar:git-Paper-215]
	at net.minecraft.server.MinecraftServer.c(MinecraftServer.java:189) ~[paper-1.18.1.jar:git-Paper-215]
	at net.minecraft.util.thread.BlockableEventLoop.pollTask(BlockableEventLoop.java:122) ~[?:?]
	at net.minecraft.server.MinecraftServer.pollTaskInternal(MinecraftServer.java:1400) ~[paper-1.18.1.jar:git-Paper-215]
	at net.minecraft.server.MinecraftServer.pollTask(MinecraftServer.java:1393) ~[paper-1.18.1.jar:git-Paper-215]
	at net.minecraft.util.thread.BlockableEventLoop.managedBlock(BlockableEventLoop.java:132) ~[?:?]
	at net.minecraft.server.MinecraftServer.waitUntilNextTick(MinecraftServer.java:1371) ~[paper-1.18.1.jar:git-Paper-215]
	at net.minecraft.server.MinecraftServer.runServer(MinecraftServer.java:1277) ~[paper-1.18.1.jar:git-Paper-215]
	at net.minecraft.server.MinecraftServer.lambda$spin$0(MinecraftServer.java:317) ~[paper-1.18.1.jar:git-Paper-215]
	at java.lang.Thread.run(Thread.java:833) ~[?:?]
[13:03:44] [Server thread/INFO]: Server permissions file permissions.yml is empty, ignoring it
[13:03:44] [Server thread/INFO]: NoaLeGeek68: Reload complete.
[13:03:44] [Server thread/WARN]: Can't keep up! Is the server overloaded? Running 5208ms or 104 ticks behind
[13:03:44] [Server thread/INFO]: Timings Reset
[13:03:44] [Server thread/WARN]: NoaLeGeek68 moved too quickly! 6.711307176497058,-20.778484845965835,1.2603571127896913
[13:03:54] [Server thread/INFO]: NoaLeGeek68 issued server command: /plugins
[13:05:30] [Server thread/INFO]: NoaLeGeek68 issued server command: /reload confirm
[13:05:30] [Server thread/INFO]: NoaLeGeek68: Please note that this command is not supported and may cause issues when using some plugins.
[13:05:30] [Server thread/INFO]: NoaLeGeek68: If you encounter any issues please use the /stop command to restart your server.
[13:05:30] [Server thread/INFO]: Using 4 threads for Netty based IO
[13:05:30] [Server thread/INFO]: Server Ping Player Sample Count: 12
[13:05:30] [Server thread/INFO]: Reloading ResourceManager: Default, bukkit
[13:05:30] [Server thread/INFO]: Loaded 7 recipes
[13:05:31] [Server thread/INFO]: [SunderiaSkyblock] Loading SunderiaSkyblock v1.18.1
[13:05:31] [Server thread/INFO]: Server permissions file permissions.yml is empty, ignoring it
[13:05:31] [Server thread/INFO]: [SunderiaSkyblock] Enabling SunderiaSkyblock v1.18.1
[13:05:31] [Server thread/INFO]: [SunderiaSkyblock] [SunderiaSkyblock] Plugin is enabled.
[13:05:34] [Server thread/INFO]: [org.reflections.Reflections] Reflections took 2715 ms to scan 75 urls, producing 8205 keys and 48603 values
[13:05:36] [Server thread/INFO]: [org.reflections.Reflections] Reflections took 1529 ms to scan 75 urls, producing 8205 keys and 48603 values
[13:05:37] [Server thread/INFO]: NoaLeGeek68: Reload complete.
[13:05:37] [Server thread/WARN]: Can't keep up! Is the server overloaded? Running 6533ms or 130 ticks behind
[13:05:37] [Server thread/INFO]: Timings Reset
[13:05:37] [Server thread/WARN]: NoaLeGeek68 moved too quickly! 18.051390524385056,0.0,21.953699173168324
[13:06:04] [Server thread/INFO]: NoaLeGeek68 issued server command: /plugins
[13:06:10] [Server thread/INFO]: NoaLeGeek68 issued server command: /visibleholo
[13:06:10] [Server thread/ERROR]: null
org.bukkit.command.CommandException: Unhandled exception executing command 'visibleholo' in plugin SunderiaSkyblock v1.18.1
	at org.bukkit.command.PluginCommand.execute(PluginCommand.java:47) ~[paper-api-1.18.1-R0.1-SNAPSHOT.jar:?]
	at org.bukkit.command.SimpleCommandMap.dispatch(SimpleCommandMap.java:159) ~[paper-api-1.18.1-R0.1-SNAPSHOT.jar:?]
	at org.bukkit.craftbukkit.v1_18_R1.CraftServer.dispatchCommand(CraftServer.java:908) ~[paper-1.18.1.jar:git-Paper-215]
	at net.minecraft.server.network.ServerGamePacketListenerImpl.handleCommand(ServerGamePacketListenerImpl.java:2289) ~[?:?]
	at net.minecraft.server.network.ServerGamePacketListenerImpl.handleChat(ServerGamePacketListenerImpl.java:2100) ~[?:?]
	at net.minecraft.server.network.ServerGamePacketListenerImpl.handleChat(ServerGamePacketListenerImpl.java:2081) ~[?:?]
	at net.minecraft.network.protocol.game.ServerboundChatPacket.handle(ServerboundChatPacket.java:46) ~[?:?]
	at net.minecraft.network.protocol.game.ServerboundChatPacket.a(ServerboundChatPacket.java:6) ~[?:?]
	at net.minecraft.network.protocol.PacketUtils.lambda$ensureRunningOnSameThread$1(PacketUtils.java:56) ~[?:?]
	at net.minecraft.server.TickTask.run(TickTask.java:18) ~[paper-1.18.1.jar:git-Paper-215]
	at net.minecraft.util.thread.BlockableEventLoop.doRunTask(BlockableEventLoop.java:149) ~[?:?]
	at net.minecraft.util.thread.ReentrantBlockableEventLoop.doRunTask(ReentrantBlockableEventLoop.java:23) ~[?:?]
	at net.minecraft.server.MinecraftServer.doRunTask(MinecraftServer.java:1423) ~[paper-1.18.1.jar:git-Paper-215]
	at net.minecraft.server.MinecraftServer.c(MinecraftServer.java:189) ~[paper-1.18.1.jar:git-Paper-215]
	at net.minecraft.util.thread.BlockableEventLoop.pollTask(BlockableEventLoop.java:122) ~[?:?]
	at net.minecraft.server.MinecraftServer.pollTaskInternal(MinecraftServer.java:1400) ~[paper-1.18.1.jar:git-Paper-215]
	at net.minecraft.server.MinecraftServer.pollTask(MinecraftServer.java:1393) ~[paper-1.18.1.jar:git-Paper-215]
	at net.minecraft.util.thread.BlockableEventLoop.managedBlock(BlockableEventLoop.java:132) ~[?:?]
	at net.minecraft.server.MinecraftServer.waitUntilNextTick(MinecraftServer.java:1371) ~[paper-1.18.1.jar:git-Paper-215]
	at net.minecraft.server.MinecraftServer.runServer(MinecraftServer.java:1277) ~[paper-1.18.1.jar:git-Paper-215]
	at net.minecraft.server.MinecraftServer.lambda$spin$0(MinecraftServer.java:317) ~[paper-1.18.1.jar:git-Paper-215]
	at java.lang.Thread.run(Thread.java:833) ~[?:?]
Caused by: java.lang.ArrayIndexOutOfBoundsException: Index 0 out of bounds for length 0
	at fr.sunderia.skyblock.commands.VisibleHoloCommand.onCommand(VisibleHoloCommand.java:18) ~[SunderiaSkyblock-1.0-SNAPSHOT-all.jar:?]
	at org.bukkit.command.PluginCommand.execute(PluginCommand.java:45) ~[paper-api-1.18.1-R0.1-SNAPSHOT.jar:?]
	... 21 more
